Using pre-set license
Built from '2020.3/staging' branch; Version is '2020.3.11f1 (99c7afb366b3) revision 10078127'; Using compiler version '192528614'; Build Type 'Release'
OS: 'Windows 10 Home; OS build 19043.1083; Version 2009; 64bit' Language: 'en' Physical Memory: 16215 MB
BatchMode: 1, IsHumanControllingUs: 0, StartBugReporterOnCrash: 0, Is64bit: 1, IsPro: 0

 COMMAND LINE ARGUMENTS:
C:\Program Files\Unity\2020 LTS 11\Editor\Unity.exe
-adb2
-batchMode
-noUpm
-name
AssetImportWorker0
-projectPath
C:/Users/Suhail/Documents/unity/xamk_practice/xamk - Snake Game/snake Game/snake
-logFile
Logs/AssetImportWorker0.log
-srvPort
49308
Successfully changed project path to: C:/Users/Suhail/Documents/unity/xamk_practice/xamk - Snake Game/snake Game/snake
C:/Users/Suhail/Documents/unity/xamk_practice/xamk - Snake Game/snake Game/snake
Using Asset Import Pipeline V2.
Refreshing native plugins compatible for Editor in 38.87 ms, found 3 plugins.
Preloading 0 native plugins for Editor in 0.00 ms.
Initialize engine version: 2020.3.11f1 (99c7afb366b3)
[Subsystems] Discovering subsystems at path C:/Program Files/Unity/2020 LTS 11/Editor/Data/Resources/UnitySubsystems
[Subsystems] Discovering subsystems at path C:/Users/Suhail/Documents/unity/xamk_practice/xamk - Snake Game/snake Game/snake/Assets
GfxDevice: creating device client; threaded=0
Direct3D:
    Version:  Direct3D 11.0 [level 11.1]
    Renderer: NVIDIA GeForce GTX 1660 Ti (ID=0x2191)
    Vendor:   
    VRAM:     5991 MB
    Driver:   30.0.14.7111
Initialize mono
Mono path[0] = 'C:/Program Files/Unity/2020 LTS 11/Editor/Data/Managed'
Mono path[1] = 'C:/Program Files/Unity/2020 LTS 11/Editor/Data/MonoBleedingEdge/lib/mono/unityjit'
Mono config path = 'C:/Program Files/Unity/2020 LTS 11/Editor/Data/MonoBleedingEdge/etc'
Using monoOptions --debugger-agent=transport=dt_socket,embedding=1,server=y,suspend=n,address=127.0.0.1:56408
Begin MonoManager ReloadAssembly
Registering precompiled unity dll's ...
Register platform support module: C:/Program Files/Unity/2020 LTS 11/Editor/Data/PlaybackEngines/WebGLSupport/UnityEditor.WebGL.Extensions.dll
Register platform support module: C:/Program Files/Unity/2020 LTS 11/Editor/Data/PlaybackEngines/WindowsStandaloneSupport/UnityEditor.WindowsStandalone.Extensions.dll
Registered in 0.001724 seconds.
Native extension for WindowsStandalone target not found
Native extension for WebGL target not found
Refreshing native plugins compatible for Editor in 32.85 ms, found 3 plugins.
Preloading 0 native plugins for Editor in 0.00 ms.
Mono: successfully reloaded assembly
- Completed reload, in  1.154 seconds
Platform modules already initialized, skipping
Registering precompiled user dll's ...
Registered in 0.003039 seconds.
Begin MonoManager ReloadAssembly
Native extension for WindowsStandalone target not found
Native extension for WebGL target not found
Refreshing native plugins compatible for Editor in 37.78 ms, found 3 plugins.
Preloading 0 native plugins for Editor in 0.00 ms.
Mono: successfully reloaded assembly
- Completed reload, in  0.988 seconds
Platform modules already initialized, skipping
========================================================================
Worker process is ready to serve import requests
Launched and connected shader compiler UnityShaderCompiler.exe after 0.04 seconds
Refreshing native plugins compatible for Editor in 0.39 ms, found 3 plugins.
Preloading 0 native plugins for Editor in 0.00 ms.
Unloading 2142 Unused Serialized files (Serialized files now loaded: 0)
System memory in use before: 95.3 MB.
System memory in use after: 95.3 MB.

Unloading 33 unused Assets to reduce memory usage. Loaded Objects now: 2577.
Total: 2.209900 ms (FindLiveObjects: 0.215200 ms CreateObjectMapping: 0.082600 ms MarkObjects: 1.804500 ms  DeleteObjects: 0.106500 ms)

========================================================================
Received Import Request.
  path: Assets/Images/Rock.png
  artifactKey: Guid(17c4f5314f446e34a9a8f09cfd0cef73) Importer(815301076,1909f56bfc062723c751e8b465ee728b)
Start importing Assets/Images/Rock.png using Guid(17c4f5314f446e34a9a8f09cfd0cef73) Importer(815301076,1909f56bfc062723c751e8b465ee728b)  -> (artifact id: '561f8afb61005e0e999f3180608d008b') in 0.079271 seconds
  Import took 0.082669 seconds .

========================================================================
Received Import Request.
  Time since last request: 0.000132 seconds.
  path: Assets/Images/GoldenEgg.png
  artifactKey: Guid(182db6249ed224e4d90364da5636bd17) Importer(815301076,1909f56bfc062723c751e8b465ee728b)
Start importing Assets/Images/GoldenEgg.png using Guid(182db6249ed224e4d90364da5636bd17) Importer(815301076,1909f56bfc062723c751e8b465ee728b)  -> (artifact id: '5aa5067797469cbd8170a6ae10af51fe') in 0.010710 seconds
  Import took 0.013849 seconds .

========================================================================
Received Import Request.
  Time since last request: 0.000186 seconds.
  path: Assets/Images/Tail.png
  artifactKey: Guid(292fe30b7f3f70e4fb8f9135cca5ac4f) Importer(815301076,1909f56bfc062723c751e8b465ee728b)
Start importing Assets/Images/Tail.png using Guid(292fe30b7f3f70e4fb8f9135cca5ac4f) Importer(815301076,1909f56bfc062723c751e8b465ee728b)  -> (artifact id: '243f12d00b3ad184bad7acacda7ab192') in 0.012457 seconds
  Import took 0.015467 seconds .

========================================================================
Received Import Request.
  Time since last request: 0.000181 seconds.
  path: Assets/Images/Grass.jpg
  artifactKey: Guid(d39a280d1b51cab4094e9f50773bc189) Importer(815301076,1909f56bfc062723c751e8b465ee728b)
Start importing Assets/Images/Grass.jpg using Guid(d39a280d1b51cab4094e9f50773bc189) Importer(815301076,1909f56bfc062723c751e8b465ee728b)  -> (artifact id: 'c891815184c9c662af6161a12ff62c48') in 0.016079 seconds
  Import took 0.019126 seconds .

========================================================================
Received Import Request.
  Time since last request: 0.000128 seconds.
  path: Assets/Images/Icon.png
  artifactKey: Guid(1f6e758fea1f0b74aa57721d93d0a0c0) Importer(815301076,1909f56bfc062723c751e8b465ee728b)
Start importing Assets/Images/Icon.png using Guid(1f6e758fea1f0b74aa57721d93d0a0c0) Importer(815301076,1909f56bfc062723c751e8b465ee728b)  -> (artifact id: '44dabeb443de589b69cca8fd15f6e7cf') in 0.012740 seconds
  Import took 0.015768 seconds .

========================================================================
Received Import Request.
  Time since last request: 0.000244 seconds.
  path: Assets/Images/Spike.png
  artifactKey: Guid(2ba2b4faa58964949ac5b065da3172d2) Importer(815301076,1909f56bfc062723c751e8b465ee728b)
Start importing Assets/Images/Spike.png using Guid(2ba2b4faa58964949ac5b065da3172d2) Importer(815301076,1909f56bfc062723c751e8b465ee728b)  -> (artifact id: 'a69f2cd9b6030b1a575a42404a37d787') in 0.011712 seconds
  Import took 0.015412 seconds .

========================================================================
Received Import Request.
  Time since last request: 0.000151 seconds.
  path: Assets/Images/Egg.png
  artifactKey: Guid(036c0287f1b500b48b3e51c37712eff8) Importer(815301076,1909f56bfc062723c751e8b465ee728b)
Start importing Assets/Images/Egg.png using Guid(036c0287f1b500b48b3e51c37712eff8) Importer(815301076,1909f56bfc062723c751e8b465ee728b)  -> (artifact id: 'b0b18c37d5c83ca74f0dfe115c5060b2') in 0.014340 seconds
  Import took 0.017839 seconds .

========================================================================
Received Import Request.
  Time since last request: 0.000175 seconds.
  path: Assets/Images/Head.png
  artifactKey: Guid(38daa007e311ceb498f3f153a98306f3) Importer(815301076,1909f56bfc062723c751e8b465ee728b)
Start importing Assets/Images/Head.png using Guid(38daa007e311ceb498f3f153a98306f3) Importer(815301076,1909f56bfc062723c751e8b465ee728b)  -> (artifact id: '3e89753384718af506d2a0821ee0da75') in 0.011620 seconds
  Import took 0.015022 seconds .

========================================================================
Received Import Request.
  Time since last request: 0.000204 seconds.
  path: Assets/Images/Body.png
  artifactKey: Guid(1b96bc373398809428957a5499eb4808) Importer(815301076,1909f56bfc062723c751e8b465ee728b)
Start importing Assets/Images/Body.png using Guid(1b96bc373398809428957a5499eb4808) Importer(815301076,1909f56bfc062723c751e8b465ee728b)  -> (artifact id: '569a438187fcd85bebd0aaba70165909') in 0.014918 seconds
  Import took 0.017890 seconds .

========================================================================
Received Prepare
Refreshing native plugins compatible for Editor in 3.27 ms, found 3 plugins.
Preloading 0 native plugins for Editor in 0.00 ms.
Unloading 19 Unused Serialized files (Serialized files now loaded: 0)
System memory in use before: 55.8 MB.
System memory in use after: 55.8 MB.

Unloading 19 unused Assets to reduce memory usage. Loaded Objects now: 2597.
Total: 2.130900 ms (FindLiveObjects: 0.178600 ms CreateObjectMapping: 0.083200 ms MarkObjects: 1.787500 ms  DeleteObjects: 0.081000 ms)

========================================================================
Received Prepare
Registering precompiled user dll's ...
Registered in 0.003775 seconds.
Begin MonoManager ReloadAssembly
Native extension for WindowsStandalone target not found
Native extension for WebGL target not found
Refreshing native plugins compatible for Editor in 0.39 ms, found 3 plugins.
Preloading 0 native plugins for Editor in 0.00 ms.
Mono: successfully reloaded assembly
- Completed reload, in  0.893 seconds
Platform modules already initialized, skipping
Switching build target platform(19) subTarget(0) extendedPlatform(0) -> platform(13) subTarget(65536) extendedPlatform(0)
Refreshing native plugins compatible for Editor in 0.42 ms, found 3 plugins.
Preloading 0 native plugins for Editor in 0.00 ms.
Unloading 2141 Unused Serialized files (Serialized files now loaded: 0)
System memory in use before: 98.2 MB.
System memory in use after: 98.2 MB.

Unloading 21 unused Assets to reduce memory usage. Loaded Objects now: 2601.
Total: 2.021700 ms (FindLiveObjects: 0.194500 ms CreateObjectMapping: 0.079900 ms MarkObjects: 1.620700 ms  DeleteObjects: 0.125700 ms)

AssetImportParameters requested are different than current active one (requested -> active):
  custom:graphics/normal-map-encoding: 01000000000000000000000000000000 -> 02000000000000000000000000000000
========================================================================
Received Prepare
Refreshing native plugins compatible for Editor in 7.42 ms, found 3 plugins.
Preloading 0 native plugins for Editor in 0.00 ms.
Unloading 19 Unused Serialized files (Serialized files now loaded: 0)
System memory in use before: 55.7 MB.
System memory in use after: 55.7 MB.

Unloading 19 unused Assets to reduce memory usage. Loaded Objects now: 2601.
Total: 2.424600 ms (FindLiveObjects: 0.279300 ms CreateObjectMapping: 0.100100 ms MarkObjects: 1.944700 ms  DeleteObjects: 0.099500 ms)

========================================================================
Received Prepare
Refreshing native plugins compatible for Editor in 4.03 ms, found 3 plugins.
Preloading 0 native plugins for Editor in 0.00 ms.
Unloading 19 Unused Serialized files (Serialized files now loaded: 0)
System memory in use before: 55.7 MB.
System memory in use after: 55.6 MB.

Unloading 19 unused Assets to reduce memory usage. Loaded Objects now: 2601.
Total: 3.133100 ms (FindLiveObjects: 0.267600 ms CreateObjectMapping: 0.213400 ms MarkObjects: 2.551900 ms  DeleteObjects: 0.099500 ms)

========================================================================
Received Prepare
Registering precompiled user dll's ...
Registered in 0.003864 seconds.
Begin MonoManager ReloadAssembly
Native extension for WindowsStandalone target not found
Native extension for WebGL target not found
Refreshing native plugins compatible for Editor in 0.45 ms, found 3 plugins.
Preloading 0 native plugins for Editor in 0.00 ms.
Mono: successfully reloaded assembly
- Completed reload, in  0.845 seconds
Platform modules already initialized, skipping
Switching build target platform(19) subTarget(0) extendedPlatform(0) -> platform(13) subTarget(65536) extendedPlatform(0)
Refreshing native plugins compatible for Editor in 0.40 ms, found 3 plugins.
Preloading 0 native plugins for Editor in 0.00 ms.
Unloading 2141 Unused Serialized files (Serialized files now loaded: 0)
System memory in use before: 98.2 MB.
System memory in use after: 98.2 MB.

Unloading 21 unused Assets to reduce memory usage. Loaded Objects now: 2605.
Total: 2.115200 ms (FindLiveObjects: 0.177600 ms CreateObjectMapping: 0.072600 ms MarkObjects: 1.741600 ms  DeleteObjects: 0.122600 ms)

AssetImportParameters requested are different than current active one (requested -> active):
  custom:graphics/normal-map-encoding: 01000000000000000000000000000000 -> 02000000000000000000000000000000
========================================================================
Received Prepare
Registering precompiled user dll's ...
Registered in 0.003029 seconds.
Begin MonoManager ReloadAssembly
Native extension for WindowsStandalone target not found
Native extension for WebGL target not found
Refreshing native plugins compatible for Editor in 0.78 ms, found 3 plugins.
Preloading 0 native plugins for Editor in 0.00 ms.
Mono: successfully reloaded assembly
- Completed reload, in  0.849 seconds
Platform modules already initialized, skipping
Switching build target platform(19) subTarget(0) extendedPlatform(0) -> platform(13) subTarget(65536) extendedPlatform(0)
Refreshing native plugins compatible for Editor in 0.40 ms, found 3 plugins.
Preloading 0 native plugins for Editor in 0.00 ms.
Unloading 2141 Unused Serialized files (Serialized files now loaded: 0)
System memory in use before: 98.3 MB.
System memory in use after: 98.3 MB.

Unloading 21 unused Assets to reduce memory usage. Loaded Objects now: 2609.
Total: 1.852500 ms (FindLiveObjects: 0.190700 ms CreateObjectMapping: 0.078900 ms MarkObjects: 1.496900 ms  DeleteObjects: 0.085200 ms)

AssetImportParameters requested are different than current active one (requested -> active):
  custom:graphics/normal-map-encoding: 01000000000000000000000000000000 -> 02000000000000000000000000000000
========================================================================
Received Import Request.
  Time since last request: 1792.983521 seconds.
  path: Assets/Scenes/main.unity
  artifactKey: Guid(ff5e2d6220e7419479bad0c99ef156f4) Importer(815301076,1909f56bfc062723c751e8b465ee728b)
Start importing Assets/Scenes/main.unity using Guid(ff5e2d6220e7419479bad0c99ef156f4) Importer(815301076,1909f56bfc062723c751e8b465ee728b)  -> (artifact id: 'a4e33107f12ac4ad8c0b5b65ae78b19b') in 0.015055 seconds
  Import took 0.018534 seconds .

========================================================================
Received Import Request.
  Time since last request: 9.256977 seconds.
  path: Assets/Scenes/gamePlay.unity
  artifactKey: Guid(32765fb83ce1c3d41a85cbc9280475e2) Importer(815301076,1909f56bfc062723c751e8b465ee728b)
Start importing Assets/Scenes/gamePlay.unity using Guid(32765fb83ce1c3d41a85cbc9280475e2) Importer(815301076,1909f56bfc062723c751e8b465ee728b)  -> (artifact id: '28b0850492ab4e57c454791538ce8114') in 0.005967 seconds
  Import took 0.008944 seconds .

========================================================================
Received Import Request.
  Time since last request: 5.546275 seconds.
  path: Assets/Prefabs/Canvas.prefab
  artifactKey: Guid(da431c1bb76da7f468f13152a0155c3a) Importer(815301076,1909f56bfc062723c751e8b465ee728b)
Start importing Assets/Prefabs/Canvas.prefab using Guid(da431c1bb76da7f468f13152a0155c3a) Importer(815301076,1909f56bfc062723c751e8b465ee728b)  -> (artifact id: 'ac98c5a4da8bd464cd2f21c98cf3c2c2') in 0.023892 seconds
  Import took 0.027543 seconds .

========================================================================
Received Prepare
Registering precompiled user dll's ...
Registered in 0.002941 seconds.
Begin MonoManager ReloadAssembly
Native extension for WindowsStandalone target not found
Native extension for WebGL target not found
Refreshing native plugins compatible for Editor in 0.49 ms, found 3 plugins.
Preloading 0 native plugins for Editor in 0.00 ms.
Mono: successfully reloaded assembly
- Completed reload, in  0.842 seconds
Platform modules already initialized, skipping
Switching build target platform(19) subTarget(0) extendedPlatform(0) -> platform(13) subTarget(65536) extendedPlatform(0)
Refreshing native plugins compatible for Editor in 0.41 ms, found 3 plugins.
Preloading 0 native plugins for Editor in 0.00 ms.
Unloading 2141 Unused Serialized files (Serialized files now loaded: 0)
System memory in use before: 98.3 MB.
System memory in use after: 98.3 MB.

Unloading 21 unused Assets to reduce memory usage. Loaded Objects now: 2613.
Total: 2.058800 ms (FindLiveObjects: 0.184300 ms CreateObjectMapping: 0.077400 ms MarkObjects: 1.692800 ms  DeleteObjects: 0.103600 ms)

AssetImportParameters requested are different than current active one (requested -> active):
  custom:graphics/normal-map-encoding: 01000000000000000000000000000000 -> 02000000000000000000000000000000
========================================================================
Received Prepare
Registering precompiled user dll's ...
Registered in 0.002808 seconds.
Begin MonoManager ReloadAssembly
Native extension for WindowsStandalone target not found
Native extension for WebGL target not found
Refreshing native plugins compatible for Editor in 0.40 ms, found 3 plugins.
Preloading 0 native plugins for Editor in 0.00 ms.
Mono: successfully reloaded assembly
- Completed reload, in  0.824 seconds
Platform modules already initialized, skipping
Switching build target platform(19) subTarget(0) extendedPlatform(0) -> platform(13) subTarget(65536) extendedPlatform(0)
Refreshing native plugins compatible for Editor in 0.40 ms, found 3 plugins.
Preloading 0 native plugins for Editor in 0.00 ms.
Unloading 2141 Unused Serialized files (Serialized files now loaded: 0)
System memory in use before: 98.3 MB.
System memory in use after: 98.3 MB.

Unloading 21 unused Assets to reduce memory usage. Loaded Objects now: 2617.
Total: 1.935200 ms (FindLiveObjects: 0.174200 ms CreateObjectMapping: 0.067700 ms MarkObjects: 1.555600 ms  DeleteObjects: 0.136700 ms)

AssetImportParameters requested are different than current active one (requested -> active):
  custom:graphics/normal-map-encoding: 01000000000000000000000000000000 -> 02000000000000000000000000000000
========================================================================
Received Prepare
Registering precompiled user dll's ...
Registered in 0.002963 seconds.
Begin MonoManager ReloadAssembly
Native extension for WindowsStandalone target not found
Native extension for WebGL target not found
Refreshing native plugins compatible for Editor in 0.40 ms, found 3 plugins.
Preloading 0 native plugins for Editor in 0.00 ms.
Mono: successfully reloaded assembly
- Completed reload, in  0.876 seconds
Platform modules already initialized, skipping
Switching build target platform(19) subTarget(0) extendedPlatform(0) -> platform(13) subTarget(65536) extendedPlatform(0)
Refreshing native plugins compatible for Editor in 0.40 ms, found 3 plugins.
Preloading 0 native plugins for Editor in 0.00 ms.
Unloading 2141 Unused Serialized files (Serialized files now loaded: 0)
System memory in use before: 98.4 MB.
System memory in use after: 98.3 MB.

Unloading 21 unused Assets to reduce memory usage. Loaded Objects now: 2621.
Total: 2.039600 ms (FindLiveObjects: 0.168400 ms CreateObjectMapping: 0.072600 ms MarkObjects: 1.716300 ms  DeleteObjects: 0.081600 ms)

AssetImportParameters requested are different than current active one (requested -> active):
  custom:graphics/normal-map-encoding: 01000000000000000000000000000000 -> 02000000000000000000000000000000
========================================================================
Received Import Request.
  Time since last request: 1981.825611 seconds.
  path: Assets/Prefabs/suhail.prefab
  artifactKey: Guid(a91534ccb751c344a9a944728c5fbed5) Importer(815301076,1909f56bfc062723c751e8b465ee728b)
Start importing Assets/Prefabs/suhail.prefab using Guid(a91534ccb751c344a9a944728c5fbed5) Importer(815301076,1909f56bfc062723c751e8b465ee728b)  -> (artifact id: 'eeab074be564416f11e4c4d1c98e4fc0') in 0.025812 seconds
  Import took 0.028581 seconds .

========================================================================
Received Import Request.
  Time since last request: 7.354484 seconds.
  path: Assets/Scripts/menu.cs
  artifactKey: Guid(19ace6c3d50621243b3bb80d2e75a187) Importer(815301076,1909f56bfc062723c751e8b465ee728b)
Start importing Assets/Scripts/menu.cs using Guid(19ace6c3d50621243b3bb80d2e75a187) Importer(815301076,1909f56bfc062723c751e8b465ee728b)  -> (artifact id: 'f310c65498c4a8babec9843dc538695d') in 0.008121 seconds
  Import took 0.012017 seconds .

========================================================================
Received Prepare
Registering precompiled user dll's ...
Registered in 0.003198 seconds.
Begin MonoManager ReloadAssembly
Native extension for WindowsStandalone target not found
Native extension for WebGL target not found
Refreshing native plugins compatible for Editor in 0.39 ms, found 3 plugins.
Preloading 0 native plugins for Editor in 0.00 ms.
Mono: successfully reloaded assembly
- Completed reload, in  0.834 seconds
Platform modules already initialized, skipping
Switching build target platform(19) subTarget(0) extendedPlatform(0) -> platform(13) subTarget(65536) extendedPlatform(0)
Refreshing native plugins compatible for Editor in 0.41 ms, found 3 plugins.
Preloading 0 native plugins for Editor in 0.00 ms.
Unloading 2142 Unused Serialized files (Serialized files now loaded: 0)
System memory in use before: 98.4 MB.
System memory in use after: 98.4 MB.

Unloading 21 unused Assets to reduce memory usage. Loaded Objects now: 2626.
Total: 1.929300 ms (FindLiveObjects: 0.171100 ms CreateObjectMapping: 0.066000 ms MarkObjects: 1.557000 ms  DeleteObjects: 0.134300 ms)

AssetImportParameters requested are different than current active one (requested -> active):
  custom:graphics/normal-map-encoding: 01000000000000000000000000000000 -> 02000000000000000000000000000000
========================================================================
Received Prepare
Registering precompiled user dll's ...
Registered in 0.003326 seconds.
Begin MonoManager ReloadAssembly
Native extension for WindowsStandalone target not found
Native extension for WebGL target not found
Refreshing native plugins compatible for Editor in 0.39 ms, found 3 plugins.
Preloading 0 native plugins for Editor in 0.00 ms.
Mono: successfully reloaded assembly
- Completed reload, in  0.870 seconds
Platform modules already initialized, skipping
Switching build target platform(19) subTarget(0) extendedPlatform(0) -> platform(13) subTarget(65536) extendedPlatform(0)
Refreshing native plugins compatible for Editor in 0.40 ms, found 3 plugins.
Preloading 0 native plugins for Editor in 0.00 ms.
Unloading 2142 Unused Serialized files (Serialized files now loaded: 0)
System memory in use before: 98.4 MB.
System memory in use after: 98.4 MB.

Unloading 21 unused Assets to reduce memory usage. Loaded Objects now: 2630.
Total: 1.872200 ms (FindLiveObjects: 0.180100 ms CreateObjectMapping: 0.075300 ms MarkObjects: 1.533100 ms  DeleteObjects: 0.083000 ms)

AssetImportParameters requested are different than current active one (requested -> active):
  custom:graphics/normal-map-encoding: 01000000000000000000000000000000 -> 02000000000000000000000000000000
========================================================================
Received Import Request.
  Time since last request: 50.761629 seconds.
  path: Assets/Scripts/menu.cs
  artifactKey: Guid(19ace6c3d50621243b3bb80d2e75a187) Importer(815301076,1909f56bfc062723c751e8b465ee728b)
Start importing Assets/Scripts/menu.cs using Guid(19ace6c3d50621243b3bb80d2e75a187) Importer(815301076,1909f56bfc062723c751e8b465ee728b)  -> (artifact id: 'aa1b58240222ffc8aea4c7cf7d8a2e88') in 0.004053 seconds
  Import took 0.007007 seconds .

========================================================================
Received Prepare
Registering precompiled user dll's ...
Registered in 0.003016 seconds.
Begin MonoManager ReloadAssembly
Native extension for WindowsStandalone target not found
Native extension for WebGL target not found
Refreshing native plugins compatible for Editor in 0.51 ms, found 3 plugins.
Preloading 0 native plugins for Editor in 0.00 ms.
Mono: successfully reloaded assembly
- Completed reload, in  0.830 seconds
Platform modules already initialized, skipping
Switching build target platform(19) subTarget(0) extendedPlatform(0) -> platform(13) subTarget(65536) extendedPlatform(0)
Refreshing native plugins compatible for Editor in 0.40 ms, found 3 plugins.
Preloading 0 native plugins for Editor in 0.00 ms.
Unloading 2142 Unused Serialized files (Serialized files now loaded: 0)
System memory in use before: 98.4 MB.
System memory in use after: 98.4 MB.

Unloading 21 unused Assets to reduce memory usage. Loaded Objects now: 2634.
Total: 1.870600 ms (FindLiveObjects: 0.184100 ms CreateObjectMapping: 0.074900 ms MarkObjects: 1.524300 ms  DeleteObjects: 0.086500 ms)

AssetImportParameters requested are different than current active one (requested -> active):
  custom:graphics/normal-map-encoding: 01000000000000000000000000000000 -> 02000000000000000000000000000000
========================================================================
Received Import Request.
  Time since last request: 22.442350 seconds.
  path: Assets/Scenes/gamePlay.unity
  artifactKey: Guid(32765fb83ce1c3d41a85cbc9280475e2) Importer(815301076,1909f56bfc062723c751e8b465ee728b)
Start importing Assets/Scenes/gamePlay.unity using Guid(32765fb83ce1c3d41a85cbc9280475e2) Importer(815301076,1909f56bfc062723c751e8b465ee728b)  -> (artifact id: '8310a59e8b3ab0fb2a5c2f7e9bf3bac0') in 0.010997 seconds
  Import took 0.024738 seconds .

========================================================================
Received Prepare
Registering precompiled user dll's ...
Registered in 0.003238 seconds.
Begin MonoManager ReloadAssembly
Native extension for WindowsStandalone target not found
Native extension for WebGL target not found
Refreshing native plugins compatible for Editor in 0.38 ms, found 3 plugins.
Preloading 0 native plugins for Editor in 0.00 ms.
Mono: successfully reloaded assembly
- Completed reload, in  0.838 seconds
Platform modules already initialized, skipping
Switching build target platform(19) subTarget(0) extendedPlatform(0) -> platform(13) subTarget(65536) extendedPlatform(0)
Refreshing native plugins compatible for Editor in 0.40 ms, found 3 plugins.
Preloading 0 native plugins for Editor in 0.00 ms.
Unloading 2142 Unused Serialized files (Serialized files now loaded: 0)
System memory in use before: 98.4 MB.
System memory in use after: 98.4 MB.

Unloading 21 unused Assets to reduce memory usage. Loaded Objects now: 2638.
Total: 2.202700 ms (FindLiveObjects: 0.191500 ms CreateObjectMapping: 0.066300 ms MarkObjects: 1.794400 ms  DeleteObjects: 0.149700 ms)

AssetImportParameters requested are different than current active one (requested -> active):
  custom:graphics/normal-map-encoding: 01000000000000000000000000000000 -> 02000000000000000000000000000000
========================================================================
Received Prepare
Registering precompiled user dll's ...
Registered in 0.003107 seconds.
Begin MonoManager ReloadAssembly
Native extension for WindowsStandalone target not found
Native extension for WebGL target not found
Refreshing native plugins compatible for Editor in 0.39 ms, found 3 plugins.
Preloading 0 native plugins for Editor in 0.00 ms.
Mono: successfully reloaded assembly
- Completed reload, in  0.904 seconds
Platform modules already initialized, skipping
Switching build target platform(19) subTarget(0) extendedPlatform(0) -> platform(13) subTarget(65536) extendedPlatform(0)
Refreshing native plugins compatible for Editor in 0.40 ms, found 3 plugins.
Preloading 0 native plugins for Editor in 0.00 ms.
Unloading 2142 Unused Serialized files (Serialized files now loaded: 0)
System memory in use before: 98.4 MB.
System memory in use after: 98.4 MB.

Unloading 21 unused Assets to reduce memory usage. Loaded Objects now: 2642.
Total: 2.491800 ms (FindLiveObjects: 0.231900 ms CreateObjectMapping: 0.101900 ms MarkObjects: 1.953800 ms  DeleteObjects: 0.202700 ms)

AssetImportParameters requested are different than current active one (requested -> active):
  custom:graphics/normal-map-encoding: 01000000000000000000000000000000 -> 02000000000000000000000000000000
========================================================================
Received Prepare
Registering precompiled user dll's ...
Registered in 0.003459 seconds.
Begin MonoManager ReloadAssembly
Native extension for WindowsStandalone target not found
Native extension for WebGL target not found
Refreshing native plugins compatible for Editor in 0.40 ms, found 3 plugins.
Preloading 0 native plugins for Editor in 0.00 ms.
Mono: successfully reloaded assembly
- Completed reload, in  0.853 seconds
Platform modules already initialized, skipping
Switching build target platform(19) subTarget(0) extendedPlatform(0) -> platform(13) subTarget(65536) extendedPlatform(0)
Refreshing native plugins compatible for Editor in 0.39 ms, found 3 plugins.
Preloading 0 native plugins for Editor in 0.00 ms.
Unloading 2142 Unused Serialized files (Serialized files now loaded: 0)
System memory in use before: 98.4 MB.
System memory in use after: 98.4 MB.

Unloading 21 unused Assets to reduce memory usage. Loaded Objects now: 2646.
Total: 1.819600 ms (FindLiveObjects: 0.154200 ms CreateObjectMapping: 0.061800 ms MarkObjects: 1.523600 ms  DeleteObjects: 0.079100 ms)

AssetImportParameters requested are different than current active one (requested -> active):
  custom:graphics/normal-map-encoding: 01000000000000000000000000000000 -> 02000000000000000000000000000000
========================================================================
Received Prepare
Refreshing native plugins compatible for Editor in 3.24 ms, found 3 plugins.
Preloading 0 native plugins for Editor in 0.00 ms.
Unloading 19 Unused Serialized files (Serialized files now loaded: 0)
System memory in use before: 55.9 MB.
System memory in use after: 55.9 MB.

Unloading 19 unused Assets to reduce memory usage. Loaded Objects now: 2646.
Total: 2.006100 ms (FindLiveObjects: 0.184900 ms CreateObjectMapping: 0.077000 ms MarkObjects: 1.655400 ms  DeleteObjects: 0.088200 ms)

========================================================================
Received Prepare
Registering precompiled user dll's ...
Registered in 0.002841 seconds.
Begin MonoManager ReloadAssembly
Native extension for WindowsStandalone target not found
Native extension for WebGL target not found
Refreshing native plugins compatible for Editor in 0.40 ms, found 3 plugins.
Preloading 0 native plugins for Editor in 0.00 ms.
Mono: successfully reloaded assembly
- Completed reload, in  0.844 seconds
Platform modules already initialized, skipping
Refreshing native plugins compatible for Editor in 0.40 ms, found 3 plugins.
Preloading 0 native plugins for Editor in 0.00 ms.
Unloading 2138 Unused Serialized files (Serialized files now loaded: 0)
System memory in use before: 98.5 MB.
System memory in use after: 98.4 MB.

Unloading 21 unused Assets to reduce memory usage. Loaded Objects now: 2650.
Total: 1.995400 ms (FindLiveObjects: 0.181400 ms CreateObjectMapping: 0.060500 ms MarkObjects: 1.670000 ms  DeleteObjects: 0.082700 ms)

========================================================================
Received Prepare
Refreshing native plugins compatible for Editor in 3.16 ms, found 3 plugins.
Preloading 0 native plugins for Editor in 0.00 ms.
Unloading 19 Unused Serialized files (Serialized files now loaded: 0)
System memory in use before: 55.9 MB.
System memory in use after: 55.9 MB.

Unloading 19 unused Assets to reduce memory usage. Loaded Objects now: 2650.
Total: 1.940000 ms (FindLiveObjects: 0.173900 ms CreateObjectMapping: 0.072400 ms MarkObjects: 1.558500 ms  DeleteObjects: 0.134600 ms)

========================================================================
Received Prepare
Registering precompiled user dll's ...
Registered in 0.002894 seconds.
Begin MonoManager ReloadAssembly
Native extension for WindowsStandalone target not found
Native extension for WebGL target not found
Refreshing native plugins compatible for Editor in 0.66 ms, found 3 plugins.
Preloading 0 native plugins for Editor in 0.00 ms.
Mono: successfully reloaded assembly
- Completed reload, in  1.011 seconds
Platform modules already initialized, skipping
Switching build target platform(19) subTarget(0) extendedPlatform(0) -> platform(13) subTarget(65536) extendedPlatform(0)
Refreshing native plugins compatible for Editor in 0.42 ms, found 3 plugins.
Preloading 0 native plugins for Editor in 0.00 ms.
Unloading 2142 Unused Serialized files (Serialized files now loaded: 0)
System memory in use before: 98.5 MB.
System memory in use after: 98.4 MB.

Unloading 21 unused Assets to reduce memory usage. Loaded Objects now: 2654.
Total: 2.184500 ms (FindLiveObjects: 0.232600 ms CreateObjectMapping: 0.114500 ms MarkObjects: 1.739700 ms  DeleteObjects: 0.096300 ms)

AssetImportParameters requested are different than current active one (requested -> active):
  custom:graphics/normal-map-encoding: 01000000000000000000000000000000 -> 02000000000000000000000000000000
========================================================================
Received Prepare
Refreshing native plugins compatible for Editor in 3.23 ms, found 3 plugins.
Preloading 0 native plugins for Editor in 0.00 ms.
Unloading 19 Unused Serialized files (Serialized files now loaded: 0)
System memory in use before: 55.9 MB.
System memory in use after: 55.9 MB.

Unloading 19 unused Assets to reduce memory usage. Loaded Objects now: 2654.
Total: 1.943300 ms (FindLiveObjects: 0.206800 ms CreateObjectMapping: 0.093700 ms MarkObjects: 1.547800 ms  DeleteObjects: 0.094500 ms)

========================================================================
Received Import Request.
  Time since last request: 558.002330 seconds.
  path: Assets/windows
  artifactKey: Guid(a930976429dd6584c83d47053b7142a7) Importer(815301076,1909f56bfc062723c751e8b465ee728b)
Start importing Assets/windows using Guid(a930976429dd6584c83d47053b7142a7) Importer(815301076,1909f56bfc062723c751e8b465ee728b)  -> (artifact id: '010d33c401266f1d02a0ad0c9efba8d9') in 0.006951 seconds
  Import took 0.010514 seconds .

========================================================================
Received Import Request.
  Time since last request: 5.806479 seconds.
  path: Assets/Scenes/main.unity
  artifactKey: Guid(ff5e2d6220e7419479bad0c99ef156f4) Importer(815301076,1909f56bfc062723c751e8b465ee728b)
Start importing Assets/Scenes/main.unity using Guid(ff5e2d6220e7419479bad0c99ef156f4) Importer(815301076,1909f56bfc062723c751e8b465ee728b)  -> (artifact id: '121b52907a578ccae935346e8d6ad7d7') in 0.008803 seconds
  Import took 0.023048 seconds .

========================================================================
Received Prepare
Registering precompiled user dll's ...
Registered in 0.002995 seconds.
Begin MonoManager ReloadAssembly
Native extension for WindowsStandalone target not found
Native extension for WebGL target not found
Refreshing native plugins compatible for Editor in 0.41 ms, found 3 plugins.
Preloading 0 native plugins for Editor in 0.00 ms.
Mono: successfully reloaded assembly
- Completed reload, in  0.912 seconds
Platform modules already initialized, skipping
Refreshing native plugins compatible for Editor in 0.41 ms, found 3 plugins.
Preloading 0 native plugins for Editor in 0.00 ms.
Unloading 2138 Unused Serialized files (Serialized files now loaded: 0)
System memory in use before: 98.5 MB.
System memory in use after: 98.5 MB.

Unloading 21 unused Assets to reduce memory usage. Loaded Objects now: 2658.
Total: 1.904900 ms (FindLiveObjects: 0.190700 ms CreateObjectMapping: 0.071100 ms MarkObjects: 1.542600 ms  DeleteObjects: 0.099800 ms)

========================================================================
Received Prepare
Refreshing native plugins compatible for Editor in 3.18 ms, found 3 plugins.
Preloading 0 native plugins for Editor in 0.00 ms.
Unloading 19 Unused Serialized files (Serialized files now loaded: 0)
System memory in use before: 56.0 MB.
System memory in use after: 55.9 MB.

Unloading 19 unused Assets to reduce memory usage. Loaded Objects now: 2658.
Total: 1.851500 ms (FindLiveObjects: 0.172200 ms CreateObjectMapping: 0.071000 ms MarkObjects: 1.521500 ms  DeleteObjects: 0.086200 ms)

========================================================================
Received Prepare
Registering precompiled user dll's ...
Registered in 0.003048 seconds.
Begin MonoManager ReloadAssembly
Native extension for WindowsStandalone target not found
Native extension for WebGL target not found
Refreshing native plugins compatible for Editor in 0.38 ms, found 3 plugins.
Preloading 0 native plugins for Editor in 0.00 ms.
Mono: successfully reloaded assembly
- Completed reload, in  0.797 seconds
Platform modules already initialized, skipping
Refreshing native plugins compatible for Editor in 0.40 ms, found 3 plugins.
Preloading 0 native plugins for Editor in 0.00 ms.
Unloading 2138 Unused Serialized files (Serialized files now loaded: 0)
System memory in use before: 98.5 MB.
System memory in use after: 98.5 MB.

Unloading 21 unused Assets to reduce memory usage. Loaded Objects now: 2662.
Total: 1.957900 ms (FindLiveObjects: 0.162300 ms CreateObjectMapping: 0.060100 ms MarkObjects: 1.612700 ms  DeleteObjects: 0.122100 ms)

========================================================================
Received Import Request.
  Time since last request: 139.163840 seconds.
  path: Assets/windows/snake_windows.unity
  artifactKey: Guid(f793896ef0616bc4a9ab6fcee1875dbb) Importer(815301076,1909f56bfc062723c751e8b465ee728b)
Start importing Assets/windows/snake_windows.unity using Guid(f793896ef0616bc4a9ab6fcee1875dbb) Importer(815301076,1909f56bfc062723c751e8b465ee728b)  -> (artifact id: 'd940741127bdfc7b3183e7010e98ebd3') in 0.013506 seconds
  Import took 0.017293 seconds .

========================================================================
Received Prepare
Registering precompiled user dll's ...
Registered in 0.002719 seconds.
Begin MonoManager ReloadAssembly
Native extension for WindowsStandalone target not found
Native extension for WebGL target not found
Refreshing native plugins compatible for Editor in 0.40 ms, found 3 plugins.
Preloading 0 native plugins for Editor in 0.00 ms.
Mono: successfully reloaded assembly
- Completed reload, in  0.841 seconds
Platform modules already initialized, skipping
Refreshing native plugins compatible for Editor in 0.41 ms, found 3 plugins.
Preloading 0 native plugins for Editor in 0.00 ms.
Unloading 2138 Unused Serialized files (Serialized files now loaded: 0)
System memory in use before: 98.5 MB.
System memory in use after: 98.5 MB.

Unloading 21 unused Assets to reduce memory usage. Loaded Objects now: 2666.
Total: 1.965500 ms (FindLiveObjects: 0.203200 ms CreateObjectMapping: 0.080900 ms MarkObjects: 1.556800 ms  DeleteObjects: 0.123700 ms)

========================================================================
Received Prepare
Registering precompiled user dll's ...
Registered in 0.002703 seconds.
Begin MonoManager ReloadAssembly
Native extension for WindowsStandalone target not found
Native extension for WebGL target not found
Refreshing native plugins compatible for Editor in 0.35 ms, found 3 plugins.
Preloading 0 native plugins for Editor in 0.00 ms.
Mono: successfully reloaded assembly
- Completed reload, in  0.814 seconds
Platform modules already initialized, skipping
Refreshing native plugins compatible for Editor in 0.42 ms, found 3 plugins.
Preloading 0 native plugins for Editor in 0.00 ms.
Unloading 2138 Unused Serialized files (Serialized files now loaded: 0)
System memory in use before: 98.5 MB.
System memory in use after: 98.5 MB.

Unloading 21 unused Assets to reduce memory usage. Loaded Objects now: 2670.
Total: 2.078500 ms (FindLiveObjects: 0.215700 ms CreateObjectMapping: 0.079900 ms MarkObjects: 1.643800 ms  DeleteObjects: 0.138200 ms)

========================================================================
Received Prepare
Registering precompiled user dll's ...
Registered in 0.002681 seconds.
Begin MonoManager ReloadAssembly
Native extension for WindowsStandalone target not found
Native extension for WebGL target not found
Refreshing native plugins compatible for Editor in 0.35 ms, found 3 plugins.
Preloading 0 native plugins for Editor in 0.00 ms.
Mono: successfully reloaded assembly
- Completed reload, in  0.804 seconds
Platform modules already initialized, skipping
Refreshing native plugins compatible for Editor in 0.41 ms, found 3 plugins.
Preloading 0 native plugins for Editor in 0.00 ms.
Unloading 2138 Unused Serialized files (Serialized files now loaded: 0)
System memory in use before: 98.5 MB.
System memory in use after: 98.5 MB.

Unloading 21 unused Assets to reduce memory usage. Loaded Objects now: 2674.
Total: 2.265000 ms (FindLiveObjects: 0.221500 ms CreateObjectMapping: 0.121200 ms MarkObjects: 1.815400 ms  DeleteObjects: 0.106100 ms)

========================================================================
Received Prepare
Registering precompiled user dll's ...
Registered in 0.003046 seconds.
Begin MonoManager ReloadAssembly
Native extension for WindowsStandalone target not found
Native extension for WebGL target not found
Refreshing native plugins compatible for Editor in 0.40 ms, found 3 plugins.
Preloading 0 native plugins for Editor in 0.00 ms.
Mono: successfully reloaded assembly
- Completed reload, in  0.831 seconds
Platform modules already initialized, skipping
Refreshing native plugins compatible for Editor in 0.40 ms, found 3 plugins.
Preloading 0 native plugins for Editor in 0.00 ms.
Unloading 2138 Unused Serialized files (Serialized files now loaded: 0)
System memory in use before: 98.5 MB.
System memory in use after: 98.5 MB.

Unloading 21 unused Assets to reduce memory usage. Loaded Objects now: 2678.
Total: 1.911600 ms (FindLiveObjects: 0.190400 ms CreateObjectMapping: 0.077900 ms MarkObjects: 1.554500 ms  DeleteObjects: 0.087700 ms)

========================================================================
Received Prepare
Refreshing native plugins compatible for Editor in 3.29 ms, found 3 plugins.
Preloading 0 native plugins for Editor in 0.00 ms.
Unloading 19 Unused Serialized files (Serialized files now loaded: 0)
System memory in use before: 56.0 MB.
System memory in use after: 56.0 MB.

Unloading 19 unused Assets to reduce memory usage. Loaded Objects now: 2678.
Total: 1.895100 ms (FindLiveObjects: 0.202500 ms CreateObjectMapping: 0.077400 ms MarkObjects: 1.528200 ms  DeleteObjects: 0.086400 ms)

========================================================================
Received Import Request.
  Time since last request: 236.083532 seconds.
  path: Assets/windows/main_w.unity
  artifactKey: Guid(09daf0313ea1b5d47bba16513ffcfb1d) Importer(815301076,1909f56bfc062723c751e8b465ee728b)
Start importing Assets/windows/main_w.unity using Guid(09daf0313ea1b5d47bba16513ffcfb1d) Importer(815301076,1909f56bfc062723c751e8b465ee728b)  -> (artifact id: '81c294c66b727ac357ee108ba5e3acad') in 0.015071 seconds
  Import took 0.029386 seconds .

========================================================================
Received Import Request.
  Time since last request: 16.686722 seconds.
  path: Assets/Scripts/menuw.cs
  artifactKey: Guid(8ed760af7171fea4a98cdab33c3937b3) Importer(815301076,1909f56bfc062723c751e8b465ee728b)
Start importing Assets/Scripts/menuw.cs using Guid(8ed760af7171fea4a98cdab33c3937b3) Importer(815301076,1909f56bfc062723c751e8b465ee728b)  -> (artifact id: '79ef0488e37df792ac3ef0e8ea0e7b37') in 0.005357 seconds
  Import took 0.008696 seconds .

========================================================================
Received Prepare
Registering precompiled user dll's ...
Registered in 0.003603 seconds.
Begin MonoManager ReloadAssembly
Native extension for WindowsStandalone target not found
Native extension for WebGL target not found
Refreshing native plugins compatible for Editor in 0.40 ms, found 3 plugins.
Preloading 0 native plugins for Editor in 0.00 ms.
Mono: successfully reloaded assembly
- Completed reload, in  0.927 seconds
Platform modules already initialized, skipping
Refreshing native plugins compatible for Editor in 0.40 ms, found 3 plugins.
Preloading 0 native plugins for Editor in 0.00 ms.
Unloading 2139 Unused Serialized files (Serialized files now loaded: 0)
System memory in use before: 98.6 MB.
System memory in use after: 98.5 MB.

Unloading 21 unused Assets to reduce memory usage. Loaded Objects now: 2683.
Total: 2.198400 ms (FindLiveObjects: 0.193100 ms CreateObjectMapping: 0.077800 ms MarkObjects: 1.774300 ms  DeleteObjects: 0.152500 ms)

========================================================================
Received Import Request.
  Time since last request: 22.623601 seconds.
  path: Assets/windows/snake_windows.unity
  artifactKey: Guid(f793896ef0616bc4a9ab6fcee1875dbb) Importer(815301076,1909f56bfc062723c751e8b465ee728b)
Start importing Assets/windows/snake_windows.unity using Guid(f793896ef0616bc4a9ab6fcee1875dbb) Importer(815301076,1909f56bfc062723c751e8b465ee728b)  -> (artifact id: '0b4ce6795ecde89c820f9ca4ca3714a6') in 0.012925 seconds
  Import took 0.016501 seconds .

========================================================================
Received Prepare
Registering precompiled user dll's ...
Registered in 0.002838 seconds.
Begin MonoManager ReloadAssembly
Native extension for WindowsStandalone target not found
Native extension for WebGL target not found
Refreshing native plugins compatible for Editor in 0.43 ms, found 3 plugins.
Preloading 0 native plugins for Editor in 0.00 ms.
Mono: successfully reloaded assembly
- Completed reload, in  0.847 seconds
Platform modules already initialized, skipping
Refreshing native plugins compatible for Editor in 0.41 ms, found 3 plugins.
Preloading 0 native plugins for Editor in 0.00 ms.
Unloading 2139 Unused Serialized files (Serialized files now loaded: 0)
System memory in use before: 98.6 MB.
System memory in use after: 98.6 MB.

Unloading 21 unused Assets to reduce memory usage. Loaded Objects now: 2687.
Total: 1.905000 ms (FindLiveObjects: 0.162900 ms CreateObjectMapping: 0.064000 ms MarkObjects: 1.596300 ms  DeleteObjects: 0.081100 ms)

========================================================================
Received Prepare
Registering precompiled user dll's ...
Registered in 0.003019 seconds.
Begin MonoManager ReloadAssembly
Native extension for WindowsStandalone target not found
Native extension for WebGL target not found
Refreshing native plugins compatible for Editor in 0.40 ms, found 3 plugins.
Preloading 0 native plugins for Editor in 0.00 ms.
Mono: successfully reloaded assembly
- Completed reload, in  0.824 seconds
Platform modules already initialized, skipping
Refreshing native plugins compatible for Editor in 0.47 ms, found 3 plugins.
Preloading 0 native plugins for Editor in 0.00 ms.
Unloading 2139 Unused Serialized files (Serialized files now loaded: 0)
System memory in use before: 98.6 MB.
System memory in use after: 98.6 MB.

Unloading 21 unused Assets to reduce memory usage. Loaded Objects now: 2691.
Total: 1.892900 ms (FindLiveObjects: 0.185400 ms CreateObjectMapping: 0.075600 ms MarkObjects: 1.547000 ms  DeleteObjects: 0.084200 ms)

========================================================================
Received Import Request.
  Time since last request: 42.841280 seconds.
  path: Assets/Scripts/menuw.cs
  artifactKey: Guid(8ed760af7171fea4a98cdab33c3937b3) Importer(815301076,1909f56bfc062723c751e8b465ee728b)
Start importing Assets/Scripts/menuw.cs using Guid(8ed760af7171fea4a98cdab33c3937b3) Importer(815301076,1909f56bfc062723c751e8b465ee728b)  -> (artifact id: '108717ee16c666f036e6effdd6683aff') in 0.005330 seconds
  Import took 0.019328 seconds .

========================================================================
Received Prepare
Registering precompiled user dll's ...
Registered in 0.003253 seconds.
Begin MonoManager ReloadAssembly
Native extension for WindowsStandalone target not found
Native extension for WebGL target not found
Refreshing native plugins compatible for Editor in 0.39 ms, found 3 plugins.
Preloading 0 native plugins for Editor in 0.00 ms.
Mono: successfully reloaded assembly
- Completed reload, in  0.826 seconds
Platform modules already initialized, skipping
Refreshing native plugins compatible for Editor in 0.40 ms, found 3 plugins.
Preloading 0 native plugins for Editor in 0.00 ms.
Unloading 2139 Unused Serialized files (Serialized files now loaded: 0)
System memory in use before: 98.6 MB.
System memory in use after: 98.6 MB.

Unloading 21 unused Assets to reduce memory usage. Loaded Objects now: 2695.
Total: 1.876800 ms (FindLiveObjects: 0.183700 ms CreateObjectMapping: 0.074800 ms MarkObjects: 1.535400 ms  DeleteObjects: 0.082300 ms)

========================================================================
Received Prepare
Refreshing native plugins compatible for Editor in 3.17 ms, found 3 plugins.
Preloading 0 native plugins for Editor in 0.00 ms.
Unloading 19 Unused Serialized files (Serialized files now loaded: 0)
System memory in use before: 56.1 MB.
System memory in use after: 56.0 MB.

Unloading 19 unused Assets to reduce memory usage. Loaded Objects now: 2695.
Total: 1.965500 ms (FindLiveObjects: 0.179200 ms CreateObjectMapping: 0.074200 ms MarkObjects: 1.624300 ms  DeleteObjects: 0.087100 ms)

========================================================================
Received Import Request.
  Time since last request: 503.719386 seconds.
  path: Assets/Scenes/gamePlay.unity
  artifactKey: Guid(32765fb83ce1c3d41a85cbc9280475e2) Importer(815301076,1909f56bfc062723c751e8b465ee728b)
Start importing Assets/Scenes/gamePlay.unity using Guid(32765fb83ce1c3d41a85cbc9280475e2) Importer(815301076,1909f56bfc062723c751e8b465ee728b)  -> (artifact id: '90dd56b640d3a9dba504cc4d4c91bf4d') in 0.013161 seconds
  Import took 0.017101 seconds .

========================================================================
Received Prepare
Registering precompiled user dll's ...
Registered in 0.002995 seconds.
Begin MonoManager ReloadAssembly
Native extension for WindowsStandalone target not found
Native extension for WebGL target not found
Refreshing native plugins compatible for Editor in 1.60 ms, found 3 plugins.
Preloading 0 native plugins for Editor in 0.00 ms.
Mono: successfully reloaded assembly
- Completed reload, in  1.143 seconds
Platform modules already initialized, skipping
Switching build target platform(19) subTarget(0) extendedPlatform(0) -> platform(13) subTarget(65536) extendedPlatform(0)
Refreshing native plugins compatible for Editor in 0.45 ms, found 3 plugins.
Preloading 0 native plugins for Editor in 0.00 ms.
Unloading 2143 Unused Serialized files (Serialized files now loaded: 0)
System memory in use before: 98.6 MB.
System memory in use after: 98.6 MB.

Unloading 21 unused Assets to reduce memory usage. Loaded Objects now: 2699.
Total: 2.306800 ms (FindLiveObjects: 0.262400 ms CreateObjectMapping: 0.115700 ms MarkObjects: 1.834100 ms  DeleteObjects: 0.093600 ms)

AssetImportParameters requested are different than current active one (requested -> active):
  custom:graphics/normal-map-encoding: 01000000000000000000000000000000 -> 02000000000000000000000000000000
========================================================================
Received Prepare
Refreshing native plugins compatible for Editor in 3.40 ms, found 3 plugins.
Preloading 0 native plugins for Editor in 0.00 ms.
Unloading 19 Unused Serialized files (Serialized files now loaded: 0)
System memory in use before: 56.0 MB.
System memory in use after: 56.0 MB.

Unloading 19 unused Assets to reduce memory usage. Loaded Objects now: 2699.
Total: 1.929200 ms (FindLiveObjects: 0.185400 ms CreateObjectMapping: 0.078900 ms MarkObjects: 1.576500 ms  DeleteObjects: 0.087900 ms)

========================================================================
Received Prepare
Registering precompiled user dll's ...
Registered in 0.002892 seconds.
Begin MonoManager ReloadAssembly
Native extension for WindowsStandalone target not found
Native extension for WebGL target not found
Refreshing native plugins compatible for Editor in 0.40 ms, found 3 plugins.
Preloading 0 native plugins for Editor in 0.00 ms.
Mono: successfully reloaded assembly
- Completed reload, in  0.946 seconds
Platform modules already initialized, skipping
Switching build target platform(19) subTarget(0) extendedPlatform(0) -> platform(13) subTarget(65536) extendedPlatform(0)
Refreshing native plugins compatible for Editor in 0.42 ms, found 3 plugins.
Preloading 0 native plugins for Editor in 0.00 ms.
Unloading 2143 Unused Serialized files (Serialized files now loaded: 0)
System memory in use before: 98.7 MB.
System memory in use after: 98.7 MB.

Unloading 21 unused Assets to reduce memory usage. Loaded Objects now: 2703.
Total: 2.283300 ms (FindLiveObjects: 0.239300 ms CreateObjectMapping: 0.106500 ms MarkObjects: 1.839500 ms  DeleteObjects: 0.096800 ms)

AssetImportParameters requested are different than current active one (requested -> active):
  custom:graphics/normal-map-encoding: 01000000000000000000000000000000 -> 02000000000000000000000000000000
AssetImportWorkerClient::OnTransportError - code=2 error=End of file
