Using pre-set license
Built from '2020.3/staging' branch; Version is '2020.3.4f1 (0abb6314276a) revision 703331'; Using compiler version '192528614'; Build Type 'Release'
OS: 'Windows 10 Home; OS build 19042.928; Version 2009; 64bit' Language: 'en' Physical Memory: 16215 MB
BatchMode: 1, IsHumanControllingUs: 0, StartBugReporterOnCrash: 0, Is64bit: 1, IsPro: 0

 COMMAND LINE ARGUMENTS:
C:\Program Files\Unity\2020 3 4f1\Unity\Editor\Unity.exe
-adb2
-batchMode
-noUpm
-name
AssetImportWorker0
-projectPath
C:/Users/Suhail/Documents/unity/xamk_practice/proj_zero/proj_zero
-logFile
Logs/AssetImportWorker0.log
-srvPort
56514
Successfully changed project path to: C:/Users/Suhail/Documents/unity/xamk_practice/proj_zero/proj_zero
C:/Users/Suhail/Documents/unity/xamk_practice/proj_zero/proj_zero
Using Asset Import Pipeline V2.
Refreshing native plugins compatible for Editor in 30.61 ms, found 0 plugins.
Preloading 0 native plugins for Editor in 0.00 ms.
Initialize engine version: 2020.3.4f1 (0abb6314276a)
[Subsystems] Discovering subsystems at path C:/Program Files/Unity/2020 3 4f1/Unity/Editor/Data/Resources/UnitySubsystems
[Subsystems] Discovering subsystems at path C:/Users/Suhail/Documents/unity/xamk_practice/proj_zero/proj_zero/Assets
GfxDevice: creating device client; threaded=0
Direct3D:
    Version:  Direct3D 11.0 [level 11.1]
    Renderer: NVIDIA GeForce GTX 1660 Ti (ID=0x2191)
    Vendor:   
    VRAM:     5991 MB
    Driver:   27.21.14.6089
Initialize mono
Mono path[0] = 'C:/Program Files/Unity/2020 3 4f1/Unity/Editor/Data/Managed'
Mono path[1] = 'C:/Program Files/Unity/2020 3 4f1/Unity/Editor/Data/MonoBleedingEdge/lib/mono/unityjit'
Mono config path = 'C:/Program Files/Unity/2020 3 4f1/Unity/Editor/Data/MonoBleedingEdge/etc'
Using monoOptions --debugger-agent=transport=dt_socket,embedding=1,server=y,suspend=n,address=127.0.0.1:56040
Begin MonoManager ReloadAssembly
Registering precompiled unity dll's ...
Register platform support module: C:/Program Files/Unity/2020 3 4f1/Unity/Editor/Data/PlaybackEngines/WindowsStandaloneSupport/UnityEditor.WindowsStandalone.Extensions.dll
Registered in 0.002552 seconds.
Native extension for WindowsStandalone target not found
Refreshing native plugins compatible for Editor in 27.36 ms, found 0 plugins.
Preloading 0 native plugins for Editor in 0.00 ms.
Mono: successfully reloaded assembly
- Completed reload, in  1.119 seconds
Platform modules already initialized, skipping
Registering precompiled user dll's ...
Registered in 0.000632 seconds.
Begin MonoManager ReloadAssembly
Native extension for WindowsStandalone target not found
Refreshing native plugins compatible for Editor in 0.22 ms, found 0 plugins.
Preloading 0 native plugins for Editor in 0.00 ms.
Mono: successfully reloaded assembly
- Completed reload, in  0.935 seconds
Platform modules already initialized, skipping
========================================================================
Worker process is ready to serve import requests
Launched and connected shader compiler UnityShaderCompiler.exe after 0.04 seconds
Refreshing native plugins compatible for Editor in 0.24 ms, found 0 plugins.
Preloading 0 native plugins for Editor in 0.00 ms.
Unloading 1116 Unused Serialized files (Serialized files now loaded: 0)
System memory in use before: 57.3 MB.
System memory in use after: 57.4 MB.

Unloading 10 unused Assets to reduce memory usage. Loaded Objects now: 1558.
Total: 2.478500 ms (FindLiveObjects: 0.268200 ms CreateObjectMapping: 0.066800 ms MarkObjects: 2.043700 ms  DeleteObjects: 0.094000 ms)

========================================================================
Received Import Request.
  path: Assets/Animation
  artifactKey: Guid(3a9d1671cb4e7524c97c82af75b63ca7) Importer(815301076,1909f56bfc062723c751e8b465ee728b)
Start importing Assets/Animation using Guid(3a9d1671cb4e7524c97c82af75b63ca7) Importer(815301076,1909f56bfc062723c751e8b465ee728b)  -> (artifact id: 'a931c506c2ac6fa9599de82c2006bc74') in 0.012763 seconds
  Import took 0.016026 seconds .

========================================================================
Received Import Request.
  Time since last request: 254.742628 seconds.
  path: Assets/Animation/Main Camera.controller
  artifactKey: Guid(7e66bd189f761cf4c91919d00527604a) Importer(815301076,1909f56bfc062723c751e8b465ee728b)
Start importing Assets/Animation/Main Camera.controller using Guid(7e66bd189f761cf4c91919d00527604a) Importer(815301076,1909f56bfc062723c751e8b465ee728b)  -> (artifact id: '12c2b0e783c8a1dbac7101db9ca09ebc') in 0.036239 seconds
  Import took 0.039032 seconds .

========================================================================
Received Import Request.
  Time since last request: 0.928165 seconds.
  path: Assets/Animation/camera.anim
  artifactKey: Guid(972f53561657dec47b2ca735eccc1a41) Importer(815301076,1909f56bfc062723c751e8b465ee728b)
Start importing Assets/Animation/camera.anim using Guid(972f53561657dec47b2ca735eccc1a41) Importer(815301076,1909f56bfc062723c751e8b465ee728b)  -> (artifact id: '1009f9a7c5e6fa62d20ca6857c868022') in 0.010744 seconds
  Import took 0.013007 seconds .

========================================================================
Received Import Request.
  Time since last request: 0.004058 seconds.
  path: Assets/Animation/camera.anim
  artifactKey: Guid(972f53561657dec47b2ca735eccc1a41) Importer(815301076,1909f56bfc062723c751e8b465ee728b)
Start importing Assets/Animation/camera.anim using Guid(972f53561657dec47b2ca735eccc1a41) Importer(815301076,1909f56bfc062723c751e8b465ee728b)  -> (artifact id: '1009f9a7c5e6fa62d20ca6857c868022') in 0.003096 seconds
  Import took 0.005314 seconds .

========================================================================
Received Import Request.
  Time since last request: 23.288317 seconds.
  path: Assets/Scripts/myScript.cs
  artifactKey: Guid(5e5bf1a1668f3bf409907cdbd3f78821) Importer(815301076,1909f56bfc062723c751e8b465ee728b)
Start importing Assets/Scripts/myScript.cs using Guid(5e5bf1a1668f3bf409907cdbd3f78821) Importer(815301076,1909f56bfc062723c751e8b465ee728b)  -> (artifact id: 'e5df113f49ec7ba051bbbd0f9cb87f44') in 0.022256 seconds
  Import took 0.024586 seconds .

========================================================================
Received Import Request.
  Time since last request: 0.025163 seconds.
  path: Assets/Scripts/myScript.cs
  artifactKey: Guid(5e5bf1a1668f3bf409907cdbd3f78821) Importer(815301076,1909f56bfc062723c751e8b465ee728b)
Start importing Assets/Scripts/myScript.cs using Guid(5e5bf1a1668f3bf409907cdbd3f78821) Importer(815301076,1909f56bfc062723c751e8b465ee728b)  -> (artifact id: 'e5df113f49ec7ba051bbbd0f9cb87f44') in 0.002699 seconds
  Import took 0.005117 seconds .

========================================================================
Received Prepare
Registering precompiled user dll's ...
Registered in 0.000765 seconds.
Begin MonoManager ReloadAssembly
Native extension for WindowsStandalone target not found
Refreshing native plugins compatible for Editor in 0.30 ms, found 0 plugins.
Preloading 0 native plugins for Editor in 0.00 ms.
Mono: successfully reloaded assembly
- Completed reload, in  1.551 seconds
Platform modules already initialized, skipping
Refreshing native plugins compatible for Editor in 0.27 ms, found 0 plugins.
Preloading 0 native plugins for Editor in 0.00 ms.
Unloading 1112 Unused Serialized files (Serialized files now loaded: 0)
System memory in use before: 57.3 MB.
System memory in use after: 57.4 MB.

Unloading 5 unused Assets to reduce memory usage. Loaded Objects now: 1562.
Total: 2.693800 ms (FindLiveObjects: 0.222800 ms CreateObjectMapping: 0.060400 ms MarkObjects: 2.346700 ms  DeleteObjects: 0.062100 ms)

========================================================================
Received Import Request.
  Time since last request: 19.943498 seconds.
  path: Assets/Scripts/spinBox.cs
  artifactKey: Guid(b544594748c0c2c41938f19309ee4bd6) Importer(815301076,1909f56bfc062723c751e8b465ee728b)
Start importing Assets/Scripts/spinBox.cs using Guid(b544594748c0c2c41938f19309ee4bd6) Importer(815301076,1909f56bfc062723c751e8b465ee728b)  -> (artifact id: 'fc477d3c204057358840c0b360f7e6a8') in 0.009455 seconds
  Import took 0.011840 seconds .

========================================================================
Received Prepare
Registering precompiled user dll's ...
Registered in 0.000690 seconds.
Begin MonoManager ReloadAssembly
Native extension for WindowsStandalone target not found
Refreshing native plugins compatible for Editor in 0.56 ms, found 0 plugins.
Preloading 0 native plugins for Editor in 0.00 ms.
Mono: successfully reloaded assembly
- Completed reload, in  1.264 seconds
Platform modules already initialized, skipping
Refreshing native plugins compatible for Editor in 0.27 ms, found 0 plugins.
Preloading 0 native plugins for Editor in 0.00 ms.
Unloading 1112 Unused Serialized files (Serialized files now loaded: 0)
System memory in use before: 57.3 MB.
System memory in use after: 57.4 MB.

Unloading 5 unused Assets to reduce memory usage. Loaded Objects now: 1565.
Total: 2.359300 ms (FindLiveObjects: 0.304500 ms CreateObjectMapping: 0.126200 ms MarkObjects: 1.859300 ms  DeleteObjects: 0.067600 ms)

========================================================================
Received Prepare
Registering precompiled user dll's ...
Registered in 0.000757 seconds.
Begin MonoManager ReloadAssembly
Native extension for WindowsStandalone target not found
Refreshing native plugins compatible for Editor in 0.24 ms, found 0 plugins.
Preloading 0 native plugins for Editor in 0.00 ms.
Mono: successfully reloaded assembly
- Completed reload, in  1.022 seconds
Platform modules already initialized, skipping
Refreshing native plugins compatible for Editor in 0.23 ms, found 0 plugins.
Preloading 0 native plugins for Editor in 0.00 ms.
Unloading 1112 Unused Serialized files (Serialized files now loaded: 0)
System memory in use before: 57.3 MB.
System memory in use after: 57.4 MB.

Unloading 5 unused Assets to reduce memory usage. Loaded Objects now: 1568.
Total: 1.743500 ms (FindLiveObjects: 0.168500 ms CreateObjectMapping: 0.050800 ms MarkObjects: 1.473900 ms  DeleteObjects: 0.049000 ms)

========================================================================
Received Prepare
Registering precompiled user dll's ...
Registered in 0.000843 seconds.
Begin MonoManager ReloadAssembly
Native extension for WindowsStandalone target not found
Refreshing native plugins compatible for Editor in 0.22 ms, found 0 plugins.
Preloading 0 native plugins for Editor in 0.00 ms.
Mono: successfully reloaded assembly
- Completed reload, in  0.935 seconds
Platform modules already initialized, skipping
Refreshing native plugins compatible for Editor in 0.23 ms, found 0 plugins.
Preloading 0 native plugins for Editor in 0.00 ms.
Unloading 1112 Unused Serialized files (Serialized files now loaded: 0)
System memory in use before: 57.3 MB.
System memory in use after: 57.4 MB.

Unloading 5 unused Assets to reduce memory usage. Loaded Objects now: 1571.
Total: 1.980100 ms (FindLiveObjects: 0.221300 ms CreateObjectMapping: 0.097900 ms MarkObjects: 1.603100 ms  DeleteObjects: 0.056800 ms)

========================================================================
Received Prepare
Registering precompiled user dll's ...
Registered in 0.000677 seconds.
Begin MonoManager ReloadAssembly
Native extension for WindowsStandalone target not found
Refreshing native plugins compatible for Editor in 0.22 ms, found 0 plugins.
Preloading 0 native plugins for Editor in 0.00 ms.
Mono: successfully reloaded assembly
- Completed reload, in  0.917 seconds
Platform modules already initialized, skipping
Refreshing native plugins compatible for Editor in 0.23 ms, found 0 plugins.
Preloading 0 native plugins for Editor in 0.00 ms.
Unloading 1112 Unused Serialized files (Serialized files now loaded: 0)
System memory in use before: 57.4 MB.
System memory in use after: 57.4 MB.

Unloading 5 unused Assets to reduce memory usage. Loaded Objects now: 1574.
Total: 2.316400 ms (FindLiveObjects: 0.206400 ms CreateObjectMapping: 0.050700 ms MarkObjects: 1.995600 ms  DeleteObjects: 0.062400 ms)

========================================================================
Received Prepare
Registering precompiled user dll's ...
Registered in 0.000835 seconds.
Begin MonoManager ReloadAssembly
Native extension for WindowsStandalone target not found
Refreshing native plugins compatible for Editor in 0.28 ms, found 0 plugins.
Preloading 0 native plugins for Editor in 0.00 ms.
Mono: successfully reloaded assembly
- Completed reload, in  1.014 seconds
Platform modules already initialized, skipping
Refreshing native plugins compatible for Editor in 0.23 ms, found 0 plugins.
Preloading 0 native plugins for Editor in 0.00 ms.
Unloading 1112 Unused Serialized files (Serialized files now loaded: 0)
System memory in use before: 57.4 MB.
System memory in use after: 57.4 MB.

Unloading 5 unused Assets to reduce memory usage. Loaded Objects now: 1577.
Total: 2.089300 ms (FindLiveObjects: 0.162600 ms CreateObjectMapping: 0.038400 ms MarkObjects: 1.832200 ms  DeleteObjects: 0.054700 ms)

========================================================================
Received Prepare
Registering precompiled user dll's ...
Registered in 0.000819 seconds.
Begin MonoManager ReloadAssembly
Native extension for WindowsStandalone target not found
Refreshing native plugins compatible for Editor in 0.26 ms, found 0 plugins.
Preloading 0 native plugins for Editor in 0.00 ms.
Mono: successfully reloaded assembly
- Completed reload, in  1.035 seconds
Platform modules already initialized, skipping
Refreshing native plugins compatible for Editor in 0.24 ms, found 0 plugins.
Preloading 0 native plugins for Editor in 0.00 ms.
Unloading 1112 Unused Serialized files (Serialized files now loaded: 0)
System memory in use before: 57.4 MB.
System memory in use after: 57.4 MB.

Unloading 5 unused Assets to reduce memory usage. Loaded Objects now: 1580.
Total: 1.811400 ms (FindLiveObjects: 0.201000 ms CreateObjectMapping: 0.051100 ms MarkObjects: 1.510500 ms  DeleteObjects: 0.047700 ms)

========================================================================
Received Prepare
Registering precompiled user dll's ...
Registered in 0.000752 seconds.
Begin MonoManager ReloadAssembly
Native extension for WindowsStandalone target not found
Refreshing native plugins compatible for Editor in 0.23 ms, found 0 plugins.
Preloading 0 native plugins for Editor in 0.00 ms.
Mono: successfully reloaded assembly
- Completed reload, in  0.961 seconds
Platform modules already initialized, skipping
Refreshing native plugins compatible for Editor in 0.22 ms, found 0 plugins.
Preloading 0 native plugins for Editor in 0.00 ms.
Unloading 1112 Unused Serialized files (Serialized files now loaded: 0)
System memory in use before: 57.4 MB.
System memory in use after: 57.4 MB.

Unloading 5 unused Assets to reduce memory usage. Loaded Objects now: 1583.
Total: 2.393700 ms (FindLiveObjects: 0.277500 ms CreateObjectMapping: 0.106700 ms MarkObjects: 1.953200 ms  DeleteObjects: 0.054800 ms)

========================================================================
Received Prepare
Registering precompiled user dll's ...
Registered in 0.000691 seconds.
Begin MonoManager ReloadAssembly
Native extension for WindowsStandalone target not found
Refreshing native plugins compatible for Editor in 0.23 ms, found 0 plugins.
Preloading 0 native plugins for Editor in 0.00 ms.
Mono: successfully reloaded assembly
- Completed reload, in  1.095 seconds
Platform modules already initialized, skipping
Refreshing native plugins compatible for Editor in 0.46 ms, found 0 plugins.
Preloading 0 native plugins for Editor in 0.00 ms.
Unloading 1112 Unused Serialized files (Serialized files now loaded: 0)
System memory in use before: 57.4 MB.
System memory in use after: 57.4 MB.

Unloading 5 unused Assets to reduce memory usage. Loaded Objects now: 1586.
Total: 2.158900 ms (FindLiveObjects: 0.195100 ms CreateObjectMapping: 0.054300 ms MarkObjects: 1.852600 ms  DeleteObjects: 0.055100 ms)

========================================================================
Received Prepare
Registering precompiled user dll's ...
Registered in 0.000884 seconds.
Begin MonoManager ReloadAssembly
Native extension for WindowsStandalone target not found
Refreshing native plugins compatible for Editor in 0.23 ms, found 0 plugins.
Preloading 0 native plugins for Editor in 0.00 ms.
Mono: successfully reloaded assembly
- Completed reload, in  0.965 seconds
Platform modules already initialized, skipping
Refreshing native plugins compatible for Editor in 0.23 ms, found 0 plugins.
Preloading 0 native plugins for Editor in 0.00 ms.
Unloading 1112 Unused Serialized files (Serialized files now loaded: 0)
System memory in use before: 57.4 MB.
System memory in use after: 57.5 MB.

Unloading 5 unused Assets to reduce memory usage. Loaded Objects now: 1589.
Total: 2.048800 ms (FindLiveObjects: 0.184500 ms CreateObjectMapping: 0.046800 ms MarkObjects: 1.760800 ms  DeleteObjects: 0.055300 ms)

========================================================================
Received Import Request.
  Time since last request: 377.198253 seconds.
  path: Assets/Scripts/myScript.cs
  artifactKey: Guid(5e5bf1a1668f3bf409907cdbd3f78821) Importer(815301076,1909f56bfc062723c751e8b465ee728b)
Start importing Assets/Scripts/myScript.cs using Guid(5e5bf1a1668f3bf409907cdbd3f78821) Importer(815301076,1909f56bfc062723c751e8b465ee728b)  -> (artifact id: '3641bcead4db9c8ecd0618150d895e54') in 0.006161 seconds
  Import took 0.009233 seconds .

========================================================================
Received Import Request.
  Time since last request: 46.655769 seconds.
  path: Assets/Scenes/SampleScene.unity
  artifactKey: Guid(9fc0d4010bbf28b4594072e72b8655ab) Importer(815301076,1909f56bfc062723c751e8b465ee728b)
Start importing Assets/Scenes/SampleScene.unity using Guid(9fc0d4010bbf28b4594072e72b8655ab) Importer(815301076,1909f56bfc062723c751e8b465ee728b)  -> (artifact id: '7f3aab0d4b964aeed312a79126cc914a') in 0.016529 seconds
  Import took 0.019213 seconds .

========================================================================
Received Import Request.
  Time since last request: 9.302494 seconds.
  path: Assets/Scenes/robotPose.unity
  artifactKey: Guid(9fc0d4010bbf28b4594072e72b8655ab) Importer(815301076,1909f56bfc062723c751e8b465ee728b)
Start importing Assets/Scenes/robotPose.unity using Guid(9fc0d4010bbf28b4594072e72b8655ab) Importer(815301076,1909f56bfc062723c751e8b465ee728b)  -> (artifact id: '2107dbed1a22036e147d857336d9eb9c') in 0.020909 seconds
  Import took 0.026800 seconds .

========================================================================
Received Prepare
Registering precompiled user dll's ...
Registered in 0.000682 seconds.
Begin MonoManager ReloadAssembly
Native extension for WindowsStandalone target not found
Refreshing native plugins compatible for Editor in 0.23 ms, found 0 plugins.
Preloading 0 native plugins for Editor in 0.00 ms.
Mono: successfully reloaded assembly
- Completed reload, in  0.952 seconds
Platform modules already initialized, skipping
Refreshing native plugins compatible for Editor in 0.22 ms, found 0 plugins.
Preloading 0 native plugins for Editor in 0.00 ms.
Unloading 1112 Unused Serialized files (Serialized files now loaded: 0)
System memory in use before: 57.4 MB.
System memory in use after: 57.5 MB.

Unloading 5 unused Assets to reduce memory usage. Loaded Objects now: 1592.
Total: 1.921600 ms (FindLiveObjects: 0.158600 ms CreateObjectMapping: 0.043500 ms MarkObjects: 1.662500 ms  DeleteObjects: 0.055300 ms)

========================================================================
Received Prepare
Refreshing native plugins compatible for Editor in 0.90 ms, found 0 plugins.
Preloading 0 native plugins for Editor in 0.00 ms.
Unloading 3 Unused Serialized files (Serialized files now loaded: 0)
System memory in use before: 35.4 MB.
System memory in use after: 35.5 MB.

Unloading 3 unused Assets to reduce memory usage. Loaded Objects now: 1592.
Total: 2.553500 ms (FindLiveObjects: 0.263000 ms CreateObjectMapping: 0.132900 ms MarkObjects: 2.076800 ms  DeleteObjects: 0.078700 ms)

AssetImportWorkerClient::OnTransportError - code=2 error=End of file
